Running: C:\Xilinx\14.7\ISE_DS\ISE\bin\nt64\unwrapped\fuse.exe -intstyle ise -incremental -lib unisims_ver -lib unimacro_ver -lib xilinxcorelib_ver -o E:/git/LCF99/2020Fall/Module01/TemperatureCalculatorUtils_isim_beh.exe -prj E:/git/LCF99/2020Fall/Module01/TemperatureCalculatorUtils_beh.prj work.TemperatureCalculatorUtils work.glbl 
ISim P.20131013 (signature 0x7708f090)
Number of CPUs detected in this system: 8
Turning on mult-threading, number of parallel sub-compilation jobs: 16 
Determining compilation order of HDL files
Analyzing Verilog file "E:/git/LCF99/2020Fall/Module01/Multiplier8x8.v" into library work
Analyzing Verilog file "E:/git/LCF99/2020Fall/Module01/Multiplier16x16.v" into library work
Analyzing Verilog file "E:/git/LCF99/2020Fall/Module01/AdderSubtractor32bit.v" into library work
Analyzing Verilog file "E:/git/LCF99/2020Fall/Module01/TemperatureCalculator.v" into library work
Analyzing Verilog file "E:/git/LCF99/2020Fall/Module01/TemperatureCalculatorUtils.v" into library work
Analyzing Verilog file "C:/Xilinx/14.7/ISE_DS/ISE//verilog/src/glbl.v" into library work
Starting static elaboration
Completed static elaboration
Compiling module Multiplier8x8
Compiling module Multiplier16x16
Compiling module AdderSubtractor32x32
Compiling module TemperatureCalculator
Compiling module TemperatureCalculatorUtils
Compiling module glbl
Time Resolution for simulation is 1ps.
Waiting for 1 sub-compilation(s) to finish...
Compiled 6 Verilog Units
Built simulation executable E:/git/LCF99/2020Fall/Module01/TemperatureCalculatorUtils_isim_beh.exe
Fuse Memory Usage: 29140 KB
Fuse CPU Usage: 421 ms
